<?xml version="1.0" encoding="UTF-8"?>
<!-- Generated by org.testng.reporters.JUnitReportReporter -->
<testsuite hostname="MTLL231" failures="0" tests="1" name="com.ondemand.commerce.AllTests.runFlatTests.NotRunFlatTest" time="97.668" errors="0" timestamp="2022-04-12T10:22:02 EDT" skipped="0">
  <testcase classname="com.ondemand.commerce.AllTests.runFlatTests.NotRunFlatTest" name="NotRunFlatTest" time="97.668"/>
  <system-out/>
</testsuite> <!-- com.ondemand.commerce.AllTests.runFlatTests.NotRunFlatTest -->
