<?xml version="1.0" encoding="UTF-8"?>
<!-- Generated by org.testng.reporters.JUnitReportReporter -->
<testsuite hostname="Dee-PC" failures="0" tests="2" name="KeyPressesTests" time="19.549" errors="0" timestamp="29 Sep 2018 14:35:00 GMT" skipped="0">
  <testcase classname="KeyPressesTests" name="pressKeyWithActionsTest" time="10.156"/>
  <testcase classname="KeyPressesTests" name="pressKeyWithActionsTest" time="9.393"/>
</testsuite> <!-- KeyPressesTests -->
