<?xml version="1.0" encoding="UTF-8"?>
<!-- Generated by org.testng.reporters.JUnitReportReporter -->
<testsuite hostname="Dee-PC" failures="0" tests="3" name="UploadTests" time="28.701" errors="0" timestamp="13 Oct 2018 15:25:14 GMT" skipped="0">
  <testcase classname="UploadTests" name="fileUploadTest" time="9.618"/>
  <testcase classname="UploadTests" name="fileUploadTest" time="9.385"/>
  <testcase classname="UploadTests" name="fileUploadTest" time="9.698"/>
</testsuite> <!-- UploadTests -->
