<?xml version="1.0" encoding="UTF-8"?>
<!-- Generated by org.testng.reporters.JUnitReportReporter -->
<testsuite hostname="Dee-PC" failures="0" tests="2" name="DragAndDropTests" time="20.055" errors="0" timestamp="29 Sep 2018 15:19:24 GMT" skipped="0">
  <testcase classname="DragAndDropTests" name="dragAToBTest" time="10.694"/>
  <testcase classname="DragAndDropTests" name="dragAToBTest" time="9.361"/>
</testsuite> <!-- DragAndDropTests -->
