<?xml version="1.0" encoding="UTF-8"?>
<!-- Generated by org.testng.reporters.JUnitReportReporter -->
<testsuite hostname="MTLL231" failures="0" tests="1" name="com.ondemand.commerce.temporarytests.TemporaryTests" time="44.585" errors="0" timestamp="2022-03-15T09:49:47 EDT" skipped="0">
  <testcase classname="com.ondemand.commerce.temporarytests.TemporaryTests" name="temporaryTest" time="44.585"/>
  <system-out/>
</testsuite> <!-- com.ondemand.commerce.temporarytests.TemporaryTests -->
