<?xml version="1.0" encoding="UTF-8"?>
<!-- Generated by org.testng.reporters.JUnitReportReporter -->
<testsuite hostname="MTLL231" failures="0" tests="1" name="com.ondemand.commerce.AllTests.PriceEtaApiTest" time="58.679" errors="0" timestamp="2022-03-15T14:36:26 EDT" skipped="0">
  <testcase classname="com.ondemand.commerce.AllTests.PriceEtaApiTest" name="temporaryTest" time="58.679"/>
  <system-out/>
</testsuite> <!-- com.ondemand.commerce.AllTests.PriceEtaApiTest -->
