<?xml version="1.0" encoding="UTF-8"?>
<!-- Generated by org.testng.reporters.JUnitReportReporter -->
<testsuite hostname="Dee-PC" failures="0" tests="1" name="EditorTests" time="21.414" errors="0" timestamp="29 Sep 2018 15:07:10 GMT" skipped="0">
  <testcase classname="EditorTests" name="defaultEditorValueTest" time="21.414"/>
</testsuite> <!-- EditorTests -->
