<?xml version="1.0" encoding="UTF-8"?>
<!-- Generated by org.testng.reporters.JUnitReportReporter -->
<testsuite hostname="MTLL231" failures="0" tests="1" name="com.ondemand.commerce.AllTests.runFlatTests.NotRunFlatTest" time="67.947" errors="0" timestamp="2022-03-22T13:05:15 EDT" skipped="0">
  <testcase classname="com.ondemand.commerce.AllTests.runFlatTests.NotRunFlatTest" name="NotRunFlatTest" time="67.947"/>
  <system-out/>
</testsuite> <!-- com.ondemand.commerce.AllTests.runFlatTests.NotRunFlatTest -->
