<?xml version="1.0" encoding="UTF-8"?>
<!-- Generated by org.testng.reporters.JUnitReportReporter -->
<testsuite hostname="MTLL231" failures="0" tests="1" name="com.ondemand.commerce.AllTests.runFlatTests.RunFlatTest" time="65.887" errors="0" timestamp="2022-03-22T13:05:15 EDT" skipped="0">
  <testcase classname="com.ondemand.commerce.AllTests.runFlatTests.RunFlatTest" name="RunFlatTest" time="65.887"/>
  <system-out/>
</testsuite> <!-- com.ondemand.commerce.AllTests.runFlatTests.RunFlatTest -->
