<?xml version="1.0" encoding="UTF-8"?>
<!-- Generated by org.testng.reporters.JUnitReportReporter -->
<testsuite hostname="Dee-PC" failures="0" tests="5" name="NegativeLogInTests" time="60.002" errors="0" timestamp="06 Oct 2018 16:57:15 GMT" skipped="0">
  <testcase classname="NegativeLogInTests" name="negativeLogInTest" time="11.266"/>
  <testcase classname="NegativeLogInTests" name="negativeLogInTest" time="12.184"/>
  <testcase classname="NegativeLogInTests" name="negativeLogInTest" time="11.488"/>
  <testcase classname="NegativeLogInTests" name="negativeLogInTest" time="12.228"/>
  <testcase classname="NegativeLogInTests" name="negativeLogInTest" time="12.836"/>
</testsuite> <!-- NegativeLogInTests -->
